<?xml version="1.0" encoding="UTF-8"?>
<!-- Generated by org.testng.reporters.JUnitReportReporter -->
<testsuite hostname="DESKTOP-IDJM2KV" failures="0" tests="1" name="test.LoginTest" time="11.665" errors="0" timestamp="2023-07-19T11:54:33 CST" skipped="0">
  <testcase classname="test.LoginTest" name="validUserShouldBeAbleToLogin" time="11.665"/>
  <system-out/>
</testsuite> <!-- test.LoginTest -->
