<?xml version="1.0" encoding="UTF-8"?>
<!-- Generated by org.testng.reporters.JUnitReportReporter -->
<testsuite hostname="DESKTOP-IDJM2KV" failures="0" tests="1" name="test.AddCustomerTest" time="7.923" errors="0" timestamp="2023-07-19T13:58:16 CST" skipped="0">
  <testcase classname="test.AddCustomerTest" name="userShouldBeAbleToAddCustomer" time="7.923"/>
  <system-out/>
</testsuite> <!-- test.AddCustomerTest -->
