<?xml version="1.0" encoding="UTF-8"?>
<!-- Generated by org.testng.reporters.JUnitReportReporter -->
<testsuite hostname="DESKTOP-IDJM2KV" failures="0" tests="1" name="util.BrowserFactory" time="3.700" errors="0" timestamp="2023-07-18T21:23:44 CST" skipped="0">
  <testcase classname="util.BrowserFactory" name="init" time="3.700"/>
  <system-out/>
</testsuite> <!-- util.BrowserFactory -->
